<?xml version="1.0" encoding="UTF-8"?>
<testng-results ignored="0" total="5" passed="4" failed="1" skipped="0">
  <reporter-output>
  </reporter-output>
  <suite started-at="2022-06-09T11:23:01 IST" name="Default suite" finished-at="2022-06-09T11:23:28 IST" duration-ms="26153">
    <groups>
    </groups>
    <test started-at="2022-06-09T11:23:01 IST" name="Default test" finished-at="2022-06-09T11:23:28 IST" duration-ms="26153">
      <class name="com.test.HomepageTest">
        <test-method is-config="true" signature="initDriver()[pri:0, instance:com.test.HomepageTest@611889f4]" started-at="2022-06-09T11:22:59 IST" name="initDriver" finished-at="2022-06-09T11:23:01 IST" duration-ms="2703" status="PASS">
          <reporter-output>
          </reporter-output>
        </test-method> <!-- initDriver -->
        <test-method is-config="true" signature="Setup()[pri:0, instance:com.test.HomepageTest@611889f4]" started-at="2022-06-09T11:23:01 IST" name="Setup" finished-at="2022-06-09T11:23:09 IST" duration-ms="7559" status="PASS">
          <reporter-output>
          </reporter-output>
        </test-method> <!-- Setup -->
        <test-method signature="verifyHomePageTitle()[pri:1, instance:com.test.HomepageTest@611889f4]" started-at="2022-06-09T11:23:09 IST" name="verifyHomePageTitle" finished-at="2022-06-09T11:23:09 IST" duration-ms="92" status="FAIL">
          <exception class="java.lang.AssertionError">
            <message>
              <![CDATA[expected [Automation Practice] but found [Automation Practice Site]]]>
            </message>
            <full-stacktrace>
              <![CDATA[java.lang.AssertionError: expected [Automation Practice] but found [Automation Practice Site]
at org.testng.Assert.fail(Assert.java:99)
at org.testng.Assert.failNotEquals(Assert.java:1037)
at org.testng.Assert.assertEqualsImpl(Assert.java:140)
at org.testng.Assert.assertEquals(Assert.java:122)
at org.testng.Assert.assertEquals(Assert.java:629)
at org.testng.Assert.assertEquals(Assert.java:639)
at com.test.HomepageTest.verifyHomePageTitle(HomepageTest.java:29)
at java.base/jdk.internal.reflect.NativeMethodAccessorImpl.invoke0(Native Method)
at java.base/jdk.internal.reflect.NativeMethodAccessorImpl.invoke(NativeMethodAccessorImpl.java:77)
at java.base/jdk.internal.reflect.DelegatingMethodAccessorImpl.invoke(DelegatingMethodAccessorImpl.java:43)
at java.base/java.lang.reflect.Method.invoke(Method.java:568)
at org.testng.internal.MethodInvocationHelper.invokeMethod(MethodInvocationHelper.java:133)
at org.testng.internal.TestInvoker.invokeMethod(TestInvoker.java:598)
at org.testng.internal.TestInvoker.invokeTestMethod(TestInvoker.java:173)
at org.testng.internal.MethodRunner.runInSequence(MethodRunner.java:46)
at org.testng.internal.TestInvoker$MethodInvocationAgent.invoke(TestInvoker.java:824)
at org.testng.internal.TestInvoker.invokeTestMethods(TestInvoker.java:146)
at org.testng.internal.TestMethodWorker.invokeTestMethods(TestMethodWorker.java:146)
at org.testng.internal.TestMethodWorker.run(TestMethodWorker.java:128)
at java.base/java.util.ArrayList.forEach(ArrayList.java:1511)
at org.testng.TestRunner.privateRun(TestRunner.java:794)
at org.testng.TestRunner.run(TestRunner.java:596)
at org.testng.SuiteRunner.runTest(SuiteRunner.java:377)
at org.testng.SuiteRunner.runSequentially(SuiteRunner.java:371)
at org.testng.SuiteRunner.privateRun(SuiteRunner.java:332)
at org.testng.SuiteRunner.run(SuiteRunner.java:276)
at org.testng.SuiteRunnerWorker.runSuite(SuiteRunnerWorker.java:53)
at org.testng.SuiteRunnerWorker.run(SuiteRunnerWorker.java:96)
at org.testng.TestNG.runSuitesSequentially(TestNG.java:1212)
at org.testng.TestNG.runSuitesLocally(TestNG.java:1134)
at org.testng.TestNG.runSuites(TestNG.java:1063)
at org.testng.TestNG.run(TestNG.java:1031)
at org.testng.remote.AbstractRemoteTestNG.run(AbstractRemoteTestNG.java:115)
at org.testng.remote.RemoteTestNG.initAndRun(RemoteTestNG.java:251)
at org.testng.remote.RemoteTestNG.main(RemoteTestNG.java:77)
]]>
            </full-stacktrace>
          </exception> <!-- java.lang.AssertionError -->
          <reporter-output>
          </reporter-output>
        </test-method> <!-- verifyHomePageTitle -->
        <test-method is-config="true" signature="Setup()[pri:0, instance:com.test.HomepageTest@611889f4]" started-at="2022-06-09T11:23:09 IST" name="Setup" finished-at="2022-06-09T11:23:14 IST" duration-ms="4735" status="PASS">
          <reporter-output>
          </reporter-output>
        </test-method> <!-- Setup -->
        <test-method signature="verifyNewArrivalsDisplayed()[pri:2, instance:com.test.HomepageTest@611889f4]" started-at="2022-06-09T11:23:14 IST" name="verifyNewArrivalsDisplayed" finished-at="2022-06-09T11:23:14 IST" duration-ms="182" status="PASS">
          <reporter-output>
          </reporter-output>
        </test-method> <!-- verifyNewArrivalsDisplayed -->
        <test-method is-config="true" signature="Setup()[pri:0, instance:com.test.HomepageTest@611889f4]" started-at="2022-06-09T11:23:14 IST" name="Setup" finished-at="2022-06-09T11:23:19 IST" duration-ms="4948" status="PASS">
          <reporter-output>
          </reporter-output>
        </test-method> <!-- Setup -->
        <test-method signature="verifyFirstBookTitle()[pri:3, instance:com.test.HomepageTest@611889f4]" started-at="2022-06-09T11:23:19 IST" name="verifyFirstBookTitle" finished-at="2022-06-09T11:23:19 IST" duration-ms="58" status="PASS">
          <reporter-output>
          </reporter-output>
        </test-method> <!-- verifyFirstBookTitle -->
        <test-method is-config="true" signature="Setup()[pri:0, instance:com.test.HomepageTest@611889f4]" started-at="2022-06-09T11:23:19 IST" name="Setup" finished-at="2022-06-09T11:23:24 IST" duration-ms="4421" status="PASS">
          <reporter-output>
          </reporter-output>
        </test-method> <!-- Setup -->
        <test-method signature="verifySecondBookTitle()[pri:4, instance:com.test.HomepageTest@611889f4]" started-at="2022-06-09T11:23:24 IST" name="verifySecondBookTitle" finished-at="2022-06-09T11:23:24 IST" duration-ms="73" status="PASS">
          <reporter-output>
          </reporter-output>
        </test-method> <!-- verifySecondBookTitle -->
        <test-method is-config="true" signature="Setup()[pri:0, instance:com.test.HomepageTest@611889f4]" started-at="2022-06-09T11:23:24 IST" name="Setup" finished-at="2022-06-09T11:23:27 IST" duration-ms="3106" status="PASS">
          <reporter-output>
          </reporter-output>
        </test-method> <!-- Setup -->
        <test-method signature="verifyThrirdBookTitle()[pri:5, instance:com.test.HomepageTest@611889f4]" started-at="2022-06-09T11:23:27 IST" name="verifyThrirdBookTitle" finished-at="2022-06-09T11:23:27 IST" duration-ms="536" status="PASS">
          <reporter-output>
          </reporter-output>
        </test-method> <!-- verifyThrirdBookTitle -->
        <test-method is-config="true" signature="closeBrowser()[pri:0, instance:com.test.HomepageTest@611889f4]" started-at="2022-06-09T11:23:27 IST" name="closeBrowser" finished-at="2022-06-09T11:23:28 IST" duration-ms="346" status="PASS">
          <reporter-output>
          </reporter-output>
        </test-method> <!-- closeBrowser -->
      </class> <!-- com.test.HomepageTest -->
    </test> <!-- Default test -->
  </suite> <!-- Default suite -->
</testng-results>
